<?xml version="1.0" encoding="UTF-8"?>
<testsuite name="Goods" tests="1" skipped="0" failures="0" errors="0" timestamp="2020-03-05T09:28:09" hostname="DESKTOP-88VMHFE" time="0.005">
  <properties/>
  <testcase name="testOrElse" classname="Goods" time="0.005"/>
  <system-out><![CDATA[orElse鎵ц浜?
3
3
]]></system-out>
  <system-err><![CDATA[]]></system-err>
</testsuite>
